0 info it worked if it ends with ok
1 verbose cli [ '/usr/local/Cellar/node/7.7.4/bin/node',
1 verbose cli   '/usr/local/bin/npm',
1 verbose cli   'install',
1 verbose cli   'react-list-filter',
1 verbose cli   '--save' ]
2 info using npm@4.1.2
3 info using node@v7.7.4
4 silly loadCurrentTree Starting
5 silly install loadCurrentTree
6 silly install readLocalPackageData
7 silly fetchPackageMetaData react-list-filter
8 silly fetchNamedPackageData react-list-filter
9 silly mapToRegistry name react-list-filter
10 silly mapToRegistry using default registry
11 silly mapToRegistry registry https://registry.npmjs.org/
12 silly mapToRegistry data Result {
12 silly mapToRegistry   raw: 'react-list-filter',
12 silly mapToRegistry   scope: null,
12 silly mapToRegistry   escapedName: 'react-list-filter',
12 silly mapToRegistry   name: 'react-list-filter',
12 silly mapToRegistry   rawSpec: '',
12 silly mapToRegistry   spec: 'latest',
12 silly mapToRegistry   type: 'tag' }
13 silly mapToRegistry uri https://registry.npmjs.org/react-list-filter
14 verbose request uri https://registry.npmjs.org/react-list-filter
15 verbose request no auth needed
16 info attempt registry request try #1 at 8:43:41 PM
17 verbose request id 009984955b2f61e6
18 verbose etag W/"56a31ef1-1155"
19 verbose lastModified Sat, 23 Jan 2016 06:34:25 GMT
20 http request GET https://registry.npmjs.org/react-list-filter
21 http 304 https://registry.npmjs.org/react-list-filter
22 verbose headers { date: 'Tue, 25 Apr 2017 01:43:41 GMT',
22 verbose headers   via: '1.1 varnish',
22 verbose headers   'cache-control': 'max-age=300',
22 verbose headers   etag: 'W/"56a31ef1-1155"',
22 verbose headers   age: '23',
22 verbose headers   connection: 'keep-alive',
22 verbose headers   'x-served-by': 'cache-dfw1831-DFW',
22 verbose headers   'x-cache': 'HIT',
22 verbose headers   'x-cache-hits': '1',
22 verbose headers   'x-timer': 'S1493084621.246908,VS0,VE0',
22 verbose headers   vary: 'Accept-Encoding' }
23 silly get cb [ 304,
23 silly get   { date: 'Tue, 25 Apr 2017 01:43:41 GMT',
23 silly get     via: '1.1 varnish',
23 silly get     'cache-control': 'max-age=300',
23 silly get     etag: 'W/"56a31ef1-1155"',
23 silly get     age: '23',
23 silly get     connection: 'keep-alive',
23 silly get     'x-served-by': 'cache-dfw1831-DFW',
23 silly get     'x-cache': 'HIT',
23 silly get     'x-cache-hits': '1',
23 silly get     'x-timer': 'S1493084621.246908,VS0,VE0',
23 silly get     vary: 'Accept-Encoding' } ]
24 verbose etag https://registry.npmjs.org/react-list-filter from cache
25 verbose get saving react-list-filter to /Users/christophersayles/.npm/registry.npmjs.org/react-list-filter/.cache.json
26 verbose correctMkdir /Users/christophersayles/.npm correctMkdir not in flight; initializing
27 silly install normalizeTree
28 silly loadCurrentTree Finishing
29 silly loadIdealTree Starting
30 silly install loadIdealTree
31 silly cloneCurrentTree Starting
32 silly install cloneCurrentTreeToIdealTree
33 silly cloneCurrentTree Finishing
34 silly loadShrinkwrap Starting
35 silly install loadShrinkwrap
36 silly loadShrinkwrap Finishing
37 silly loadAllDepsIntoIdealTree Starting
38 silly install loadAllDepsIntoIdealTree
39 silly resolveWithNewModule react-list-filter@0.4.1 checking installable status
40 silly cache add args [ 'react-list-filter', null ]
41 verbose cache add spec react-list-filter
42 silly cache add parsed spec Result {
42 silly cache add   raw: 'react-list-filter',
42 silly cache add   scope: null,
42 silly cache add   escapedName: 'react-list-filter',
42 silly cache add   name: 'react-list-filter',
42 silly cache add   rawSpec: '',
42 silly cache add   spec: 'latest',
42 silly cache add   type: 'tag' }
43 silly addNamed react-list-filter@latest
44 verbose addNamed "latest" is being treated as a dist-tag for react-list-filter
45 info addNameTag [ 'react-list-filter', 'latest' ]
46 silly mapToRegistry name react-list-filter
47 silly mapToRegistry using default registry
48 silly mapToRegistry registry https://registry.npmjs.org/
49 silly mapToRegistry data Result {
49 silly mapToRegistry   raw: 'react-list-filter',
49 silly mapToRegistry   scope: null,
49 silly mapToRegistry   escapedName: 'react-list-filter',
49 silly mapToRegistry   name: 'react-list-filter',
49 silly mapToRegistry   rawSpec: '',
49 silly mapToRegistry   spec: 'latest',
49 silly mapToRegistry   type: 'tag' }
50 silly mapToRegistry uri https://registry.npmjs.org/react-list-filter
51 verbose addNameTag registry:https://registry.npmjs.org/react-list-filter not in flight; fetching
52 verbose get https://registry.npmjs.org/react-list-filter not expired, no request
53 silly addNameTag next cb for react-list-filter with tag latest
54 silly addNamed react-list-filter@0.4.1
55 verbose addNamed "0.4.1" is a plain semver version for react-list-filter
56 silly cache afterAdd react-list-filter@0.4.1
57 verbose afterAdd /Users/christophersayles/.npm/react-list-filter/0.4.1/package/package.json not in flight; writing
58 verbose correctMkdir /Users/christophersayles/.npm correctMkdir not in flight; initializing
59 verbose afterAdd /Users/christophersayles/.npm/react-list-filter/0.4.1/package/package.json written
60 silly fetchNamedPackageData awesomplete
61 silly mapToRegistry name awesomplete
62 silly mapToRegistry using default registry
63 silly mapToRegistry registry https://registry.npmjs.org/
64 silly mapToRegistry data Result {
64 silly mapToRegistry   raw: 'awesomplete',
64 silly mapToRegistry   scope: null,
64 silly mapToRegistry   escapedName: 'awesomplete',
64 silly mapToRegistry   name: 'awesomplete',
64 silly mapToRegistry   rawSpec: '',
64 silly mapToRegistry   spec: 'latest',
64 silly mapToRegistry   type: 'tag' }
65 silly mapToRegistry uri https://registry.npmjs.org/awesomplete
66 silly fetchNamedPackageData promise-polyfill
67 silly mapToRegistry name promise-polyfill
68 silly mapToRegistry using default registry
69 silly mapToRegistry registry https://registry.npmjs.org/
70 silly mapToRegistry data Result {
70 silly mapToRegistry   raw: 'promise-polyfill',
70 silly mapToRegistry   scope: null,
70 silly mapToRegistry   escapedName: 'promise-polyfill',
70 silly mapToRegistry   name: 'promise-polyfill',
70 silly mapToRegistry   rawSpec: '',
70 silly mapToRegistry   spec: 'latest',
70 silly mapToRegistry   type: 'tag' }
71 silly mapToRegistry uri https://registry.npmjs.org/promise-polyfill
72 verbose request uri https://registry.npmjs.org/awesomplete
73 verbose request no auth needed
74 info attempt registry request try #1 at 8:43:41 PM
75 verbose etag W/"58d3bcdd-1f29"
76 verbose lastModified Thu, 23 Mar 2017 12:17:33 GMT
77 http request GET https://registry.npmjs.org/awesomplete
78 verbose request uri https://registry.npmjs.org/promise-polyfill
79 verbose request no auth needed
80 info attempt registry request try #1 at 8:43:41 PM
81 verbose etag W/"58d92b97-9f77"
82 verbose lastModified Mon, 27 Mar 2017 15:11:19 GMT
83 http request GET https://registry.npmjs.org/promise-polyfill
84 http 304 https://registry.npmjs.org/awesomplete
85 verbose headers { date: 'Tue, 25 Apr 2017 01:43:41 GMT',
85 verbose headers   via: '1.1 varnish',
85 verbose headers   'cache-control': 'max-age=300',
85 verbose headers   etag: 'W/"58d3bcdd-1f29"',
85 verbose headers   age: '23',
85 verbose headers   connection: 'keep-alive',
85 verbose headers   'x-served-by': 'cache-dfw1831-DFW',
85 verbose headers   'x-cache': 'HIT',
85 verbose headers   'x-cache-hits': '1',
85 verbose headers   'x-timer': 'S1493084622.642248,VS0,VE1',
85 verbose headers   vary: 'Accept-Encoding' }
86 silly get cb [ 304,
86 silly get   { date: 'Tue, 25 Apr 2017 01:43:41 GMT',
86 silly get     via: '1.1 varnish',
86 silly get     'cache-control': 'max-age=300',
86 silly get     etag: 'W/"58d3bcdd-1f29"',
86 silly get     age: '23',
86 silly get     connection: 'keep-alive',
86 silly get     'x-served-by': 'cache-dfw1831-DFW',
86 silly get     'x-cache': 'HIT',
86 silly get     'x-cache-hits': '1',
86 silly get     'x-timer': 'S1493084622.642248,VS0,VE1',
86 silly get     vary: 'Accept-Encoding' } ]
87 verbose etag https://registry.npmjs.org/awesomplete from cache
88 verbose get saving awesomplete to /Users/christophersayles/.npm/registry.npmjs.org/awesomplete/.cache.json
89 verbose correctMkdir /Users/christophersayles/.npm correctMkdir not in flight; initializing
90 silly pickManifestFromRegistryMetadata spec 1.0.0 tag latest versions [ '0.0.0', '1.1.0', '1.1.1' ]
91 silly fetchNamedPackageData No valid target from cache, forcing network
92 verbose request uri https://registry.npmjs.org/awesomplete
93 verbose request no auth needed
94 info attempt registry request try #1 at 8:43:41 PM
95 http request GET https://registry.npmjs.org/awesomplete
96 http 200 https://registry.npmjs.org/awesomplete
97 verbose headers { server: 'nginx/1.10.1',
97 verbose headers   'content-type': 'application/json',
97 verbose headers   'last-modified': 'Thu, 23 Mar 2017 12:17:33 GMT',
97 verbose headers   etag: 'W/"58d3bcdd-1f29"',
97 verbose headers   'content-encoding': 'gzip',
97 verbose headers   'cache-control': 'max-age=300',
97 verbose headers   'content-length': '2331',
97 verbose headers   'accept-ranges': 'bytes',
97 verbose headers   date: 'Tue, 25 Apr 2017 01:43:41 GMT',
97 verbose headers   via: '1.1 varnish',
97 verbose headers   age: '23',
97 verbose headers   connection: 'keep-alive',
97 verbose headers   'x-served-by': 'cache-dfw1831-DFW',
97 verbose headers   'x-cache': 'HIT',
97 verbose headers   'x-cache-hits': '2',
97 verbose headers   'x-timer': 'S1493084622.676289,VS0,VE0',
97 verbose headers   vary: 'Accept-Encoding' }
98 silly get cb [ 200,
98 silly get   { server: 'nginx/1.10.1',
98 silly get     'content-type': 'application/json',
98 silly get     'last-modified': 'Thu, 23 Mar 2017 12:17:33 GMT',
98 silly get     etag: 'W/"58d3bcdd-1f29"',
98 silly get     'content-encoding': 'gzip',
98 silly get     'cache-control': 'max-age=300',
98 silly get     'content-length': '2331',
98 silly get     'accept-ranges': 'bytes',
98 silly get     date: 'Tue, 25 Apr 2017 01:43:41 GMT',
98 silly get     via: '1.1 varnish',
98 silly get     age: '23',
98 silly get     connection: 'keep-alive',
98 silly get     'x-served-by': 'cache-dfw1831-DFW',
98 silly get     'x-cache': 'HIT',
98 silly get     'x-cache-hits': '2',
98 silly get     'x-timer': 'S1493084622.676289,VS0,VE0',
98 silly get     vary: 'Accept-Encoding' } ]
99 verbose get saving awesomplete to /Users/christophersayles/.npm/registry.npmjs.org/awesomplete/.cache.json
100 verbose correctMkdir /Users/christophersayles/.npm correctMkdir not in flight; initializing
101 silly pickManifestFromRegistryMetadata spec 1.0.0 tag latest versions [ '0.0.0', '1.1.0', '1.1.1' ]
102 silly fetchPackageMetaData Error: No compatible version found: awesomplete@1.0.0
102 silly fetchPackageMetaData Valid install targets:
102 silly fetchPackageMetaData 0.0.0, 1.1.0, 1.1.1
102 silly fetchPackageMetaData
102 silly fetchPackageMetaData     at pickVersionFromRegistryDocument (/usr/local/lib/node_modules/npm/lib/fetch-package-metadata.js:158:16)
102 silly fetchPackageMetaData     at /usr/local/lib/node_modules/npm/node_modules/iferr/index.js:13:50
102 silly fetchPackageMetaData     at /usr/local/lib/node_modules/npm/lib/utils/pulse-till-done.js:20:8
102 silly fetchPackageMetaData     at saved (/usr/local/lib/node_modules/npm/lib/cache/caching-client.js:174:7)
102 silly fetchPackageMetaData     at /usr/local/lib/node_modules/npm/node_modules/graceful-fs/polyfills.js:261:18
102 silly fetchPackageMetaData     at FSReqWrap.oncomplete (fs.js:114:15)
102 silly fetchPackageMetaData  error for awesomplete@1.0.0 { Error: No compatible version found: awesomplete@1.0.0
102 silly fetchPackageMetaData Valid install targets:
102 silly fetchPackageMetaData 0.0.0, 1.1.0, 1.1.1
102 silly fetchPackageMetaData
102 silly fetchPackageMetaData     at pickVersionFromRegistryDocument (/usr/local/lib/node_modules/npm/lib/fetch-package-metadata.js:158:16)
102 silly fetchPackageMetaData     at /usr/local/lib/node_modules/npm/node_modules/iferr/index.js:13:50
102 silly fetchPackageMetaData     at /usr/local/lib/node_modules/npm/lib/utils/pulse-till-done.js:20:8
102 silly fetchPackageMetaData     at saved (/usr/local/lib/node_modules/npm/lib/cache/caching-client.js:174:7)
102 silly fetchPackageMetaData     at /usr/local/lib/node_modules/npm/node_modules/graceful-fs/polyfills.js:261:18
102 silly fetchPackageMetaData     at FSReqWrap.oncomplete (fs.js:114:15) code: 'ETARGET' }
103 http 304 https://registry.npmjs.org/promise-polyfill
104 verbose headers { date: 'Tue, 25 Apr 2017 01:43:41 GMT',
104 verbose headers   via: '1.1 varnish',
104 verbose headers   'cache-control': 'max-age=300',
104 verbose headers   etag: 'W/"58d92b97-9f77"',
104 verbose headers   age: '23',
104 verbose headers   connection: 'keep-alive',
104 verbose headers   'x-served-by': 'cache-dfw1838-DFW',
104 verbose headers   'x-cache': 'HIT',
104 verbose headers   'x-cache-hits': '2',
104 verbose headers   'x-timer': 'S1493084622.722284,VS0,VE0',
104 verbose headers   vary: 'Accept-Encoding' }
105 silly get cb [ 304,
105 silly get   { date: 'Tue, 25 Apr 2017 01:43:41 GMT',
105 silly get     via: '1.1 varnish',
105 silly get     'cache-control': 'max-age=300',
105 silly get     etag: 'W/"58d92b97-9f77"',
105 silly get     age: '23',
105 silly get     connection: 'keep-alive',
105 silly get     'x-served-by': 'cache-dfw1838-DFW',
105 silly get     'x-cache': 'HIT',
105 silly get     'x-cache-hits': '2',
105 silly get     'x-timer': 'S1493084622.722284,VS0,VE0',
105 silly get     vary: 'Accept-Encoding' } ]
106 verbose etag https://registry.npmjs.org/promise-polyfill from cache
107 verbose get saving promise-polyfill to /Users/christophersayles/.npm/registry.npmjs.org/promise-polyfill/.cache.json
108 verbose correctMkdir /Users/christophersayles/.npm correctMkdir not in flight; initializing
109 silly pickManifestFromRegistryMetadata spec 2.1.0 tag latest versions [ '1.0.1',
109 silly pickManifestFromRegistryMetadata   '1.0.5',
109 silly pickManifestFromRegistryMetadata   '1.0.6',
109 silly pickManifestFromRegistryMetadata   '1.1.0',
109 silly pickManifestFromRegistryMetadata   '1.1.2',
109 silly pickManifestFromRegistryMetadata   '1.1.3',
109 silly pickManifestFromRegistryMetadata   '1.1.5',
109 silly pickManifestFromRegistryMetadata   '1.1.6',
109 silly pickManifestFromRegistryMetadata   '2.0.0',
109 silly pickManifestFromRegistryMetadata   '2.0.1',
109 silly pickManifestFromRegistryMetadata   '2.0.2',
109 silly pickManifestFromRegistryMetadata   '2.1.0',
109 silly pickManifestFromRegistryMetadata   '2.1.1',
109 silly pickManifestFromRegistryMetadata   '2.1.2',
109 silly pickManifestFromRegistryMetadata   '2.1.3',
109 silly pickManifestFromRegistryMetadata   '2.1.4',
109 silly pickManifestFromRegistryMetadata   '3.0.0',
109 silly pickManifestFromRegistryMetadata   '3.1.0',
109 silly pickManifestFromRegistryMetadata   '4.0.1',
109 silly pickManifestFromRegistryMetadata   '4.0.2',
109 silly pickManifestFromRegistryMetadata   '4.0.3',
109 silly pickManifestFromRegistryMetadata   '4.0.4',
109 silly pickManifestFromRegistryMetadata   '5.0.0',
109 silly pickManifestFromRegistryMetadata   '5.1.0',
109 silly pickManifestFromRegistryMetadata   '5.2.0',
109 silly pickManifestFromRegistryMetadata   '5.2.1',
109 silly pickManifestFromRegistryMetadata   '6.0.0',
109 silly pickManifestFromRegistryMetadata   '6.0.1',
109 silly pickManifestFromRegistryMetadata   '6.0.2' ]
110 silly resolveWithNewModule promise-polyfill@2.1.0 checking installable status
111 silly cache add args [ 'promise-polyfill@2.1.0', null ]
112 verbose cache add spec promise-polyfill@2.1.0
113 silly cache add parsed spec Result {
113 silly cache add   raw: 'promise-polyfill@2.1.0',
113 silly cache add   scope: null,
113 silly cache add   escapedName: 'promise-polyfill',
113 silly cache add   name: 'promise-polyfill',
113 silly cache add   rawSpec: '2.1.0',
113 silly cache add   spec: '2.1.0',
113 silly cache add   type: 'version' }
114 silly addNamed promise-polyfill@2.1.0
115 verbose addNamed "2.1.0" is a plain semver version for promise-polyfill
116 silly mapToRegistry name promise-polyfill
117 silly mapToRegistry using default registry
118 silly mapToRegistry registry https://registry.npmjs.org/
119 silly mapToRegistry data Result {
119 silly mapToRegistry   raw: 'promise-polyfill',
119 silly mapToRegistry   scope: null,
119 silly mapToRegistry   escapedName: 'promise-polyfill',
119 silly mapToRegistry   name: 'promise-polyfill',
119 silly mapToRegistry   rawSpec: '',
119 silly mapToRegistry   spec: 'latest',
119 silly mapToRegistry   type: 'tag' }
120 silly mapToRegistry uri https://registry.npmjs.org/promise-polyfill
121 verbose addNameVersion registry:https://registry.npmjs.org/promise-polyfill not in flight; fetching
122 verbose get https://registry.npmjs.org/promise-polyfill not expired, no request
123 silly cache afterAdd promise-polyfill@2.1.0
124 verbose afterAdd /Users/christophersayles/.npm/promise-polyfill/2.1.0/package/package.json not in flight; writing
125 verbose correctMkdir /Users/christophersayles/.npm correctMkdir not in flight; initializing
126 verbose afterAdd /Users/christophersayles/.npm/promise-polyfill/2.1.0/package/package.json written
127 silly rollbackFailedOptional Starting
128 silly rollbackFailedOptional Finishing
129 silly runTopLevelLifecycles Finishing
130 silly install printInstalled
131 verbose stack Error: No compatible version found: awesomplete@1.0.0
131 verbose stack Valid install targets:
131 verbose stack 0.0.0, 1.1.0, 1.1.1
131 verbose stack
131 verbose stack     at pickVersionFromRegistryDocument (/usr/local/lib/node_modules/npm/lib/fetch-package-metadata.js:158:16)
131 verbose stack     at /usr/local/lib/node_modules/npm/node_modules/iferr/index.js:13:50
131 verbose stack     at /usr/local/lib/node_modules/npm/lib/utils/pulse-till-done.js:20:8
131 verbose stack     at saved (/usr/local/lib/node_modules/npm/lib/cache/caching-client.js:174:7)
131 verbose stack     at /usr/local/lib/node_modules/npm/node_modules/graceful-fs/polyfills.js:261:18
131 verbose stack     at FSReqWrap.oncomplete (fs.js:114:15)
132 verbose cwd /Users/christophersayles/Desktop/GapJumpers
133 error Darwin 16.5.0
134 error argv "/usr/local/Cellar/node/7.7.4/bin/node" "/usr/local/bin/npm" "install" "react-list-filter" "--save"
135 error node v7.7.4
136 error npm  v4.1.2
137 error code ETARGET
138 error notarget No compatible version found: awesomplete@1.0.0
138 error notarget Valid install targets:
138 error notarget 0.0.0, 1.1.0, 1.1.1
139 error notarget This is most likely not a problem with npm itself.
139 error notarget In most cases you or one of your dependencies are requesting
139 error notarget a package version that doesn't exist.
139 error notarget
139 error notarget It was specified as a dependency of 'react-list-filter'
140 verbose exit [ 1, true ]
